<?xml version="1.0" encoding="UTF-8"?>
<coverage generated="1657728201539" clover="3.2.0">
  <project timestamp="1657728201539" name="All files">
    <metrics statements="7" coveredstatements="5" conditionals="0" coveredconditionals="0" methods="0" coveredmethods="0" elements="7" coveredelements="5" complexity="0" loc="7" ncloc="7" packages="1" files="1" classes="1"/>
    <file name="apiRoute.ts" path="/Users/cyriacduchatenet/Documents/Training/Code/Project/MEVN/rapport-stage-pe/src/routes/posts/apiRoute.ts">
      <metrics statements="7" coveredstatements="5" conditionals="0" coveredconditionals="0" methods="0" coveredmethods="0"/>
      <line num="1" count="1" type="stmt"/>
      <line num="2" count="1" type="stmt"/>
      <line num="3" count="1" type="stmt"/>
      <line num="4" count="1" type="stmt"/>
      <line num="5" count="1" type="stmt"/>
      <line num="6" count="0" type="stmt"/>
      <line num="7" count="0" type="stmt"/>
    </file>
  </project>
</coverage>
