{"/Users/cyriacduchatenet/Documents/Training/Code/Project/MEVN/rapport-stage-pe/src/routes/posts/apiRoute.ts": {"path":"/Users/cyriacduchatenet/Documents/Training/Code/Project/MEVN/rapport-stage-pe/src/routes/posts/apiRoute.ts","all":false,"statementMap":{"0":{"start":{"line":1,"column":0},"end":{"line":1,"column":30}},"1":{"start":{"line":2,"column":0},"end":{"line":2,"column":0}},"2":{"start":{"line":3,"column":0},"end":{"line":3,"column":42}},"3":{"start":{"line":4,"column":0},"end":{"line":4,"column":0}},"4":{"start":{"line":5,"column":0},"end":{"line":5,"column":39}},"5":{"start":{"line":6,"column":0},"end":{"line":6,"column":40}},"6":{"start":{"line":7,"column":0},"end":{"line":7,"column":2}}},"s":{"0":1,"1":1,"2":1,"3":1,"4":1,"5":0,"6":0},"branchMap":{},"b":{},"fnMap":{},"f":{}}
}
